c:\users\plasma\desktop\d2dteamproject_gongtigigi\d2dteam_gongtigigi_-jhc\d2dteam_gongtigigi_-jhc\client\x64\debug\client.pch
c:\users\plasma\desktop\d2dteamproject_gongtigigi\d2dteam_gongtigigi_-jhc\d2dteam_gongtigigi_-jhc\client\x64\debug\vc140.pdb
c:\users\plasma\desktop\d2dteamproject_gongtigigi\d2dteam_gongtigigi_-jhc\d2dteam_gongtigigi_-jhc\client\x64\debug\vc140.idb
c:\users\plasma\desktop\d2dteamproject_gongtigigi\d2dteam_gongtigigi_-jhc\d2dteam_gongtigigi_-jhc\client\x64\debug\stdafx.obj
c:\users\plasma\desktop\d2dteamproject_gongtigigi\d2dteam_gongtigigi_-jhc\d2dteam_gongtigigi_-jhc\client\x64\debug\client.obj
c:\users\plasma\desktop\d2dteamproject_gongtigigi\d2dteam_gongtigigi_-jhc\d2dteam_gongtigigi_-jhc\client\x64\debug\devicemgr.obj
c:\users\plasma\desktop\d2dteamproject_gongtigigi\d2dteam_gongtigigi_-jhc\d2dteam_gongtigigi_-jhc\client\x64\debug\gameobject.obj
c:\users\plasma\desktop\d2dteamproject_gongtigigi\d2dteam_gongtigigi_-jhc\d2dteam_gongtigigi_-jhc\client\x64\debug\keymgr.obj
c:\users\plasma\desktop\d2dteamproject_gongtigigi\d2dteam_gongtigigi_-jhc\d2dteam_gongtigigi_-jhc\client\x64\debug\matrixmaker.obj
c:\users\plasma\desktop\d2dteamproject_gongtigigi\d2dteam_gongtigigi_-jhc\d2dteam_gongtigigi_-jhc\client\x64\debug\mouse.obj
c:\users\plasma\desktop\d2dteamproject_gongtigigi\d2dteam_gongtigigi_-jhc\d2dteam_gongtigigi_-jhc\client\x64\debug\multitexture.obj
c:\users\plasma\desktop\d2dteamproject_gongtigigi\d2dteam_gongtigigi_-jhc\d2dteam_gongtigigi_-jhc\client\x64\debug\player.obj
c:\users\plasma\desktop\d2dteamproject_gongtigigi\d2dteam_gongtigigi_-jhc\d2dteam_gongtigigi_-jhc\client\x64\debug\playereffect.obj
c:\users\plasma\desktop\d2dteamproject_gongtigigi\d2dteam_gongtigigi_-jhc\d2dteam_gongtigigi_-jhc\client\x64\debug\scrollmgr.obj
c:\users\plasma\desktop\d2dteamproject_gongtigigi\d2dteam_gongtigigi_-jhc\d2dteam_gongtigigi_-jhc\client\x64\debug\singletexture.obj
c:\users\plasma\desktop\d2dteamproject_gongtigigi\d2dteam_gongtigigi_-jhc\d2dteam_gongtigigi_-jhc\client\x64\debug\terrain.obj
c:\users\plasma\desktop\d2dteamproject_gongtigigi\d2dteam_gongtigigi_-jhc\d2dteam_gongtigigi_-jhc\client\x64\debug\texture.obj
c:\users\plasma\desktop\d2dteamproject_gongtigigi\d2dteam_gongtigigi_-jhc\d2dteam_gongtigigi_-jhc\client\x64\debug\texturemgr.obj
c:\users\plasma\desktop\d2dteamproject_gongtigigi\d2dteam_gongtigigi_-jhc\d2dteam_gongtigigi_-jhc\client\x64\debug\textureobject.obj
c:\users\plasma\desktop\d2dteamproject_gongtigigi\d2dteam_gongtigigi_-jhc\d2dteam_gongtigigi_-jhc\client\x64\debug\timemgr.obj
c:\users\plasma\desktop\d2dteamproject_gongtigigi\d2dteam_gongtigigi_-jhc\d2dteam_gongtigigi_-jhc\client\x64\debug\maingame.obj
c:\users\plasma\desktop\d2dteamproject_gongtigigi\d2dteam_gongtigigi_-jhc\d2dteam_gongtigigi_-jhc\client\x64\debug\collisionmgr.obj
c:\users\plasma\desktop\d2dteamproject_gongtigigi\d2dteam_gongtigigi_-jhc\d2dteam_gongtigigi_-jhc\client\x64\debug\tile.obj
c:\users\plasma\desktop\d2dteamproject_gongtigigi\d2dteam_gongtigigi_-jhc\d2dteam_gongtigigi_-jhc\x64\debug\client.ilk
c:\users\plasma\desktop\d2dteamproject_gongtigigi\d2dteam_gongtigigi_-jhc\d2dteam_gongtigigi_-jhc\x64\debug\client.exe
c:\users\plasma\desktop\d2dteamproject_gongtigigi\d2dteam_gongtigigi_-jhc\d2dteam_gongtigigi_-jhc\x64\debug\client.pdb
c:\users\plasma\desktop\d2dteamproject_gongtigigi\d2dteam_gongtigigi_-jhc\d2dteam_gongtigigi_-jhc\client\x64\debug\client.res
c:\users\plasma\desktop\d2dteamproject_gongtigigi\d2dteam_gongtigigi_-jhc\d2dteam_gongtigigi_-jhc\client\x64\debug\client.tlog\cl.command.1.tlog
c:\users\plasma\desktop\d2dteamproject_gongtigigi\d2dteam_gongtigigi_-jhc\d2dteam_gongtigigi_-jhc\client\x64\debug\client.tlog\cl.read.1.tlog
c:\users\plasma\desktop\d2dteamproject_gongtigigi\d2dteam_gongtigigi_-jhc\d2dteam_gongtigigi_-jhc\client\x64\debug\client.tlog\cl.write.1.tlog
c:\users\plasma\desktop\d2dteamproject_gongtigigi\d2dteam_gongtigigi_-jhc\d2dteam_gongtigigi_-jhc\client\x64\debug\client.tlog\link.command.1.tlog
c:\users\plasma\desktop\d2dteamproject_gongtigigi\d2dteam_gongtigigi_-jhc\d2dteam_gongtigigi_-jhc\client\x64\debug\client.tlog\link.read.1.tlog
c:\users\plasma\desktop\d2dteamproject_gongtigigi\d2dteam_gongtigigi_-jhc\d2dteam_gongtigigi_-jhc\client\x64\debug\client.tlog\link.write.1.tlog
c:\users\plasma\desktop\d2dteamproject_gongtigigi\d2dteam_gongtigigi_-jhc\d2dteam_gongtigigi_-jhc\client\x64\debug\client.tlog\rc.command.1.tlog
c:\users\plasma\desktop\d2dteamproject_gongtigigi\d2dteam_gongtigigi_-jhc\d2dteam_gongtigigi_-jhc\client\x64\debug\client.tlog\rc.read.1.tlog
c:\users\plasma\desktop\d2dteamproject_gongtigigi\d2dteam_gongtigigi_-jhc\d2dteam_gongtigigi_-jhc\client\x64\debug\client.tlog\rc.write.1.tlog
